<?xml version="1.0" encoding="UTF-8"?>
<!-- Generated by org.testng.reporters.JUnitReportReporter -->
<testsuite skipped="0" hostname="DESKTOP-N60QB27" name="rough.Test1" tests="1" failures="0" timestamp="2022-09-13T11:06:20 IST" time="0.009" errors="0">
  <testcase name="m1" time="0.009" classname="rough.Test1"/>
  <system-out/>
</testsuite> <!-- rough.Test1 -->
