<?xml version="1.0" encoding="UTF-8"?>
<!-- Generated by org.testng.reporters.JUnitReportReporter -->
<testsuite skipped="0" hostname="DESKTOP-N60QB27" name="testcases.BankManagerLoginTest" tests="1" failures="0" timestamp="2022-09-13T22:08:10 IST" time="0.070" errors="0">
  <testcase name="loginAsBankManager" time="0.070" classname="testcases.BankManagerLoginTest"/>
  <system-out/>
</testsuite> <!-- testcases.BankManagerLoginTest -->
